<?xml version="1.0" encoding="UTF-8"?>
<coverage generated="1628847021620" clover="3.2.0">
  <project timestamp="1628847021621" name="All files">
    <metrics statements="45" coveredstatements="45" conditionals="16" coveredconditionals="14" methods="13" coveredmethods="13" elements="74" coveredelements="72" complexity="0" loc="45" ncloc="45" packages="1" files="1" classes="1"/>
    <file name="parser.js" path="D:\JavaScript\Custom Calculator\src\js\parser.js">
      <metrics statements="45" coveredstatements="45" conditionals="16" coveredconditionals="14" methods="13" coveredmethods="13"/>
      <line num="3" count="118" type="stmt"/>
      <line num="4" count="118" type="stmt"/>
      <line num="5" count="118" type="stmt"/>
      <line num="6" count="118" type="stmt"/>
      <line num="7" count="530" type="stmt"/>
      <line num="8" count="530" type="cond" truecount="2" falsecount="0"/>
      <line num="9" count="56" type="stmt"/>
      <line num="10" count="474" type="cond" truecount="2" falsecount="0"/>
      <line num="11" count="56" type="stmt"/>
      <line num="13" count="530" type="cond" truecount="4" falsecount="0"/>
      <line num="14" count="35" type="stmt"/>
      <line num="15" count="35" type="stmt"/>
      <line num="16" count="495" type="stmt"/>
      <line num="18" count="118" type="cond" truecount="1" falsecount="1"/>
      <line num="19" count="118" type="stmt"/>
      <line num="21" count="118" type="stmt"/>
      <line num="25" count="40" type="stmt"/>
      <line num="26" count="40" type="stmt"/>
      <line num="27" count="54" type="cond" truecount="2" falsecount="0"/>
      <line num="28" count="40" type="stmt"/>
      <line num="31" count="40" type="stmt"/>
      <line num="32" count="54" type="stmt"/>
      <line num="33" count="40" type="stmt"/>
      <line num="37" count="14" type="stmt"/>
      <line num="38" count="14" type="stmt"/>
      <line num="39" count="20" type="cond" truecount="2" falsecount="0"/>
      <line num="40" count="11" type="stmt"/>
      <line num="41" count="11" type="stmt"/>
      <line num="43" count="9" type="stmt"/>
      <line num="45" count="14" type="stmt"/>
      <line num="46" count="6" type="cond" truecount="1" falsecount="1"/>
      <line num="47" count="6" type="stmt"/>
      <line num="49" count="14" type="stmt"/>
      <line num="54" count="39" type="stmt"/>
      <line num="55" count="39" type="stmt"/>
      <line num="56" count="40" type="stmt"/>
      <line num="58" count="39" type="stmt"/>
      <line num="59" count="39" type="stmt"/>
      <line num="60" count="39" type="stmt"/>
      <line num="64" count="25" type="stmt"/>
      <line num="65" count="25" type="stmt"/>
      <line num="66" count="39" type="stmt"/>
      <line num="69" count="25" type="stmt"/>
      <line num="70" count="39" type="stmt"/>
      <line num="72" count="25" type="stmt"/>
    </file>
  </project>
</coverage>
