{"D:\\JavaScript\\Custom Calculator\\src\\js\\parser.js": {"path":"D:\\JavaScript\\Custom Calculator\\src\\js\\parser.js","statementMap":{"0":{"start":{"line":3,"column":19},"end":{"line":3,"column":21}},"1":{"start":{"line":4,"column":17},"end":{"line":4,"column":18}},"2":{"start":{"line":5,"column":23},"end":{"line":5,"column":25}},"3":{"start":{"line":6,"column":4},"end":{"line":17,"column":5}},"4":{"start":{"line":6,"column":17},"end":{"line":6,"column":18}},"5":{"start":{"line":7,"column":20},"end":{"line":7,"column":33}},"6":{"start":{"line":8,"column":6},"end":{"line":12,"column":7}},"7":{"start":{"line":9,"column":8},"end":{"line":9,"column":17}},"8":{"start":{"line":10,"column":13},"end":{"line":12,"column":7}},"9":{"start":{"line":11,"column":8},"end":{"line":11,"column":17}},"10":{"start":{"line":13,"column":6},"end":{"line":16,"column":35}},"11":{"start":{"line":14,"column":8},"end":{"line":14,"column":34}},"12":{"start":{"line":15,"column":8},"end":{"line":15,"column":26}},"13":{"start":{"line":16,"column":13},"end":{"line":16,"column":35}},"14":{"start":{"line":18,"column":4},"end":{"line":20,"column":5}},"15":{"start":{"line":19,"column":6},"end":{"line":19,"column":32}},"16":{"start":{"line":21,"column":4},"end":{"line":21,"column":18}},"17":{"start":{"line":25,"column":26},"end":{"line":25,"column":48}},"18":{"start":{"line":26,"column":18},"end":{"line":29,"column":6}},"19":{"start":{"line":27,"column":6},"end":{"line":27,"column":77}},"20":{"start":{"line":27,"column":32},"end":{"line":27,"column":77}},"21":{"start":{"line":28,"column":6},"end":{"line":28,"column":20}},"22":{"start":{"line":31,"column":25},"end":{"line":31,"column":28}},"23":{"start":{"line":32,"column":19},"end":{"line":32,"column":70}},"24":{"start":{"line":32,"column":47},"end":{"line":32,"column":55}},"25":{"start":{"line":33,"column":4},"end":{"line":33,"column":18}},"26":{"start":{"line":37,"column":26},"end":{"line":37,"column":59}},"27":{"start":{"line":38,"column":20},"end":{"line":44,"column":6}},"28":{"start":{"line":39,"column":6},"end":{"line":42,"column":7}},"29":{"start":{"line":40,"column":21},"end":{"line":40,"column":54}},"30":{"start":{"line":41,"column":8},"end":{"line":41,"column":50}},"31":{"start":{"line":43,"column":6},"end":{"line":43,"column":20}},"32":{"start":{"line":45,"column":19},"end":{"line":48,"column":7}},"33":{"start":{"line":46,"column":6},"end":{"line":46,"column":29}},"34":{"start":{"line":46,"column":22},"end":{"line":46,"column":29}},"35":{"start":{"line":47,"column":6},"end":{"line":47,"column":22}},"36":{"start":{"line":49,"column":4},"end":{"line":49,"column":18}},"37":{"start":{"line":54,"column":26},"end":{"line":54,"column":48}},"38":{"start":{"line":55,"column":20},"end":{"line":57,"column":5}},"39":{"start":{"line":56,"column":6},"end":{"line":56,"column":51}},"40":{"start":{"line":58,"column":25},"end":{"line":58,"column":35}},"41":{"start":{"line":59,"column":19},"end":{"line":59,"column":79}},"42":{"start":{"line":59,"column":56},"end":{"line":59,"column":64}},"43":{"start":{"line":60,"column":4},"end":{"line":60,"column":18}},"44":{"start":{"line":64,"column":26},"end":{"line":64,"column":48}},"45":{"start":{"line":65,"column":20},"end":{"line":68,"column":5}},"46":{"start":{"line":66,"column":5},"end":{"line":66,"column":48}},"47":{"start":{"line":69,"column":19},"end":{"line":71,"column":9}},"48":{"start":{"line":70,"column":6},"end":{"line":70,"column":24}},"49":{"start":{"line":72,"column":4},"end":{"line":72,"column":18}}},"fnMap":{"0":{"name":"split","decl":{"start":{"line":2,"column":9},"end":{"line":2,"column":14}},"loc":{"start":{"line":2,"column":37},"end":{"line":22,"column":3}},"line":2},"1":{"name":"parseMultiplicationSeparatedExpression","decl":{"start":{"line":24,"column":9},"end":{"line":24,"column":47}},"loc":{"start":{"line":24,"column":60},"end":{"line":34,"column":3}},"line":24},"2":{"name":"(anonymous_2)","decl":{"start":{"line":26,"column":36},"end":{"line":26,"column":37}},"loc":{"start":{"line":26,"column":47},"end":{"line":29,"column":5}},"line":26},"3":{"name":"(anonymous_3)","decl":{"start":{"line":32,"column":34},"end":{"line":32,"column":35}},"loc":{"start":{"line":32,"column":47},"end":{"line":32,"column":55}},"line":32},"4":{"name":"parseDivideSeparatedExpression","decl":{"start":{"line":36,"column":11},"end":{"line":36,"column":41}},"loc":{"start":{"line":36,"column":54},"end":{"line":50,"column":3}},"line":36},"5":{"name":"(anonymous_5)","decl":{"start":{"line":38,"column":38},"end":{"line":38,"column":39}},"loc":{"start":{"line":38,"column":49},"end":{"line":44,"column":5}},"line":38},"6":{"name":"(anonymous_6)","decl":{"start":{"line":45,"column":34},"end":{"line":45,"column":35}},"loc":{"start":{"line":45,"column":52},"end":{"line":48,"column":5}},"line":45},"7":{"name":"parseMinusSeparatedExpression","decl":{"start":{"line":53,"column":11},"end":{"line":53,"column":40}},"loc":{"start":{"line":53,"column":53},"end":{"line":61,"column":3}},"line":53},"8":{"name":"(anonymous_8)","decl":{"start":{"line":55,"column":38},"end":{"line":55,"column":39}},"loc":{"start":{"line":56,"column":6},"end":{"line":56,"column":51}},"line":56},"9":{"name":"(anonymous_9)","decl":{"start":{"line":59,"column":43},"end":{"line":59,"column":44}},"loc":{"start":{"line":59,"column":56},"end":{"line":59,"column":64}},"line":59},"10":{"name":"parsePlusSeparatedExpression","decl":{"start":{"line":63,"column":16},"end":{"line":63,"column":44}},"loc":{"start":{"line":63,"column":57},"end":{"line":73,"column":3}},"line":63},"11":{"name":"(anonymous_11)","decl":{"start":{"line":65,"column":38},"end":{"line":65,"column":39}},"loc":{"start":{"line":65,"column":48},"end":{"line":67,"column":5}},"line":65},"12":{"name":"(anonymous_12)","decl":{"start":{"line":69,"column":34},"end":{"line":69,"column":35}},"loc":{"start":{"line":69,"column":46},"end":{"line":71,"column":5}},"line":69}},"branchMap":{"0":{"loc":{"start":{"line":8,"column":6},"end":{"line":12,"column":7}},"type":"if","locations":[{"start":{"line":8,"column":6},"end":{"line":12,"column":7}},{"start":{"line":8,"column":6},"end":{"line":12,"column":7}}],"line":8},"1":{"loc":{"start":{"line":10,"column":13},"end":{"line":12,"column":7}},"type":"if","locations":[{"start":{"line":10,"column":13},"end":{"line":12,"column":7}},{"start":{"line":10,"column":13},"end":{"line":12,"column":7}}],"line":10},"2":{"loc":{"start":{"line":13,"column":6},"end":{"line":16,"column":35}},"type":"if","locations":[{"start":{"line":13,"column":6},"end":{"line":16,"column":35}},{"start":{"line":13,"column":6},"end":{"line":16,"column":35}}],"line":13},"3":{"loc":{"start":{"line":13,"column":10},"end":{"line":13,"column":42}},"type":"binary-expr","locations":[{"start":{"line":13,"column":10},"end":{"line":13,"column":21}},{"start":{"line":13,"column":25},"end":{"line":13,"column":42}}],"line":13},"4":{"loc":{"start":{"line":18,"column":4},"end":{"line":20,"column":5}},"type":"if","locations":[{"start":{"line":18,"column":4},"end":{"line":20,"column":5}},{"start":{"line":18,"column":4},"end":{"line":20,"column":5}}],"line":18},"5":{"loc":{"start":{"line":27,"column":6},"end":{"line":27,"column":77}},"type":"if","locations":[{"start":{"line":27,"column":6},"end":{"line":27,"column":77}},{"start":{"line":27,"column":6},"end":{"line":27,"column":77}}],"line":27},"6":{"loc":{"start":{"line":39,"column":6},"end":{"line":42,"column":7}},"type":"if","locations":[{"start":{"line":39,"column":6},"end":{"line":42,"column":7}},{"start":{"line":39,"column":6},"end":{"line":42,"column":7}}],"line":39},"7":{"loc":{"start":{"line":46,"column":6},"end":{"line":46,"column":29}},"type":"if","locations":[{"start":{"line":46,"column":6},"end":{"line":46,"column":29}},{"start":{"line":46,"column":6},"end":{"line":46,"column":29}}],"line":46}},"s":{"0":118,"1":118,"2":118,"3":118,"4":118,"5":530,"6":530,"7":56,"8":474,"9":56,"10":530,"11":35,"12":35,"13":495,"14":118,"15":118,"16":118,"17":40,"18":40,"19":54,"20":14,"21":40,"22":40,"23":40,"24":54,"25":40,"26":14,"27":14,"28":20,"29":11,"30":11,"31":9,"32":14,"33":6,"34":0,"35":6,"36":14,"37":39,"38":39,"39":40,"40":39,"41":39,"42":1,"43":39,"44":25,"45":25,"46":39,"47":25,"48":39,"49":25},"f":{"0":118,"1":40,"2":54,"3":54,"4":14,"5":20,"6":6,"7":39,"8":40,"9":1,"10":25,"11":39,"12":39},"b":{"0":[56,474],"1":[56,418],"2":[35,495],"3":[530,282],"4":[118,0],"5":[14,40],"6":[11,9],"7":[0,6]},"_coverageSchema":"1a1c01bbd47fc00a2c39e90264f33305004495a9","hash":"759a21713f08f2f2b7a0a9a62c2b01d26bcecb22"}
}
