TN:
SF:js\parser.js
FN:2,split
FN:24,parseMultiplicationSeparatedExpression
FN:26,(anonymous_2)
FN:32,(anonymous_3)
FN:36,parseDivideSeparatedExpression
FN:38,(anonymous_5)
FN:45,(anonymous_6)
FN:53,parseMinusSeparatedExpression
FN:55,(anonymous_8)
FN:59,(anonymous_9)
FN:63,parsePlusSeparatedExpression
FN:65,(anonymous_11)
FN:69,(anonymous_12)
FNF:13
FNH:13
FNDA:118,split
FNDA:40,parseMultiplicationSeparatedExpression
FNDA:54,(anonymous_2)
FNDA:54,(anonymous_3)
FNDA:14,parseDivideSeparatedExpression
FNDA:20,(anonymous_5)
FNDA:6,(anonymous_6)
FNDA:39,parseMinusSeparatedExpression
FNDA:40,(anonymous_8)
FNDA:1,(anonymous_9)
FNDA:25,parsePlusSeparatedExpression
FNDA:39,(anonymous_11)
FNDA:39,(anonymous_12)
DA:3,118
DA:4,118
DA:5,118
DA:6,118
DA:7,530
DA:8,530
DA:9,56
DA:10,474
DA:11,56
DA:13,530
DA:14,35
DA:15,35
DA:16,495
DA:18,118
DA:19,118
DA:21,118
DA:25,40
DA:26,40
DA:27,54
DA:28,40
DA:31,40
DA:32,54
DA:33,40
DA:37,14
DA:38,14
DA:39,20
DA:40,11
DA:41,11
DA:43,9
DA:45,14
DA:46,6
DA:47,6
DA:49,14
DA:54,39
DA:55,39
DA:56,40
DA:58,39
DA:59,39
DA:60,39
DA:64,25
DA:65,25
DA:66,39
DA:69,25
DA:70,39
DA:72,25
LF:45
LH:45
BRDA:8,0,0,56
BRDA:8,0,1,474
BRDA:10,1,0,56
BRDA:10,1,1,418
BRDA:13,2,0,35
BRDA:13,2,1,495
BRDA:13,3,0,530
BRDA:13,3,1,282
BRDA:18,4,0,118
BRDA:18,4,1,0
BRDA:27,5,0,14
BRDA:27,5,1,40
BRDA:39,6,0,11
BRDA:39,6,1,9
BRDA:46,7,0,0
BRDA:46,7,1,6
BRF:16
BRH:14
end_of_record
